Using pre-set license
Built from '2022.2/staging' branch; Version is '2022.2.6f1 (10bfa6201ced) revision 1097638'; Using compiler version '192829333'; Build Type 'Release'
OS: 'Windows 10  (10.0.19045) 64bit Professional' Language: 'ru' Physical Memory: 7549 MB
BatchMode: 1, IsHumanControllingUs: 0, StartBugReporterOnCrash: 0, Is64bit: 1, IsPro: 1

COMMAND LINE ARGUMENTS:
E:\UnityHub\Editor\Unity 2022.2.6f1\Editor\Unity.exe
-adb2
-batchMode
-noUpm
-name
AssetImportWorker9
-projectPath
G:/_GitHub/HitZombie/HitZombie/HitZombie
-logFile
Logs/AssetImportWorker9.log
-srvPort
56938
Successfully changed project path to: G:/_GitHub/HitZombie/HitZombie/HitZombie
G:/_GitHub/HitZombie/HitZombie/HitZombie
[UnityMemory] Configuration Parameters - Can be set up in boot.config
    "memorysetup-bucket-allocator-granularity=16"
    "memorysetup-bucket-allocator-bucket-count=8"
    "memorysetup-bucket-allocator-block-size=33554432"
    "memorysetup-bucket-allocator-block-count=8"
    "memorysetup-main-allocator-block-size=16777216"
    "memorysetup-thread-allocator-block-size=16777216"
    "memorysetup-gfx-main-allocator-block-size=16777216"
    "memorysetup-gfx-thread-allocator-block-size=16777216"
    "memorysetup-cache-allocator-block-size=4194304"
    "memorysetup-typetree-allocator-block-size=2097152"
    "memorysetup-profiler-bucket-allocator-granularity=16"
    "memorysetup-profiler-bucket-allocator-bucket-count=8"
    "memorysetup-profiler-bucket-allocator-block-size=33554432"
    "memorysetup-profiler-bucket-allocator-block-count=8"
    "memorysetup-profiler-allocator-block-size=16777216"
    "memorysetup-profiler-editor-allocator-block-size=1048576"
    "memorysetup-temp-allocator-size-main=16777216"
    "memorysetup-job-temp-allocator-block-size=2097152"
    "memorysetup-job-temp-allocator-block-size-background=1048576"
    "memorysetup-job-temp-allocator-reduction-small-platforms=262144"
    "memorysetup-temp-allocator-size-background-worker=32768"
    "memorysetup-temp-allocator-size-job-worker=262144"
    "memorysetup-temp-allocator-size-preload-manager=33554432"
    "memorysetup-temp-allocator-size-nav-mesh-worker=65536"
    "memorysetup-temp-allocator-size-audio-worker=65536"
    "memorysetup-temp-allocator-size-cloud-worker=32768"
    "memorysetup-temp-allocator-size-gi-baking-worker=262144"
    "memorysetup-temp-allocator-size-gfx=262144"
Player connection [19716] Host "[IP] 192.168.56.1 [Port] 0 [Flags] 2 [Guid] 4201428091 [EditorId] 4201428091 [Version] 1048832 [Id] WindowsEditor(7,DESKTOP-4NQ24QL) [Debug] 1 [PackageName] WindowsEditor [ProjectName] Editor" joined multi-casting on [225.0.0.222:54997]...

Player connection [19716] Host "[IP] 192.168.56.1 [Port] 0 [Flags] 2 [Guid] 4201428091 [EditorId] 4201428091 [Version] 1048832 [Id] WindowsEditor(7,DESKTOP-4NQ24QL) [Debug] 1 [PackageName] WindowsEditor [ProjectName] Editor" joined alternative multi-casting on [225.0.0.222:34997]...

Refreshing native plugins compatible for Editor in 5.55 ms, found 3 plugins.
Preloading 0 native plugins for Editor in 0.00 ms.
Initialize engine version: 2022.2.6f1 (10bfa6201ced)
[Subsystems] Discovering subsystems at path E:/UnityHub/Editor/Unity 2022.2.6f1/Editor/Data/Resources/UnitySubsystems
[Subsystems] Discovering subsystems at path G:/_GitHub/HitZombie/HitZombie/HitZombie/Assets
GfxDevice: creating device client; threaded=0; jobified=0
Direct3D:
    Version:  Direct3D 11.0 [level 11.1]
    Renderer: NVIDIA GeForce GTX 1650 Ti (ID=0x1f95)
    Vendor:   NVIDIA
    VRAM:     3950 MB
    Driver:   31.0.15.4633
Initialize mono
Mono path[0] = 'E:/UnityHub/Editor/Unity 2022.2.6f1/Editor/Data/Managed'
Mono path[1] = 'E:/UnityHub/Editor/Unity 2022.2.6f1/Editor/Data/MonoBleedingEdge/lib/mono/unityjit-win32'
Mono config path = 'E:/UnityHub/Editor/Unity 2022.2.6f1/Editor/Data/MonoBleedingEdge/etc'
Using monoOptions --debugger-agent=transport=dt_socket,embedding=1,server=y,suspend=n,address=127.0.0.1:56932
Begin MonoManager ReloadAssembly
Registering precompiled unity dll's ...
Register platform support module: E:/UnityHub/Editor/Unity 2022.2.6f1/Editor/Data/PlaybackEngines/WindowsStandaloneSupport/UnityEditor.WindowsStandalone.Extensions.dll
Registered in 0.003709 seconds.
Could not allocate 8192 bytes
Crash!!!
SymInit: Symbol-SearchPath: 'E:/UnityHub/Editor/Unity 2022.2.6f1/Editor/Data/Mono;.;G:\_GitHub\HitZombie\HitZombie\HitZombie;G:\_GitHub\HitZombie\HitZombie\HitZombie\Library\BurstCache\JIT;E:\UnityHub\Editor\Unity 2022.2.6f1\Editor;C:\Windows;C:\Windows\system32;', symOptions: 534, UserName: 'kulik'
OS-Version: 10.0.0
E:\UnityHub\Editor\Unity 2022.2.6f1\Editor\Unity.exe:Unity.exe (00007FF70E510000), size: 76697600 (result: 0), SymType: '-deferred-', PDB: '', fileVersion: 2022.2.6.49062
C:\Windows\SYSTEM32\ntdll.dll:ntdll.dll (00007FFBCA430000), size: 2064384 (result: 0), SymType: '-deferred-', PDB: '', fileVersion: 10.0.19041.3636
C:\Windows\System32\KERNEL32.DLL:KERNEL32.DLL (00007FFBC9D80000), size: 774144 (result: 0), SymType: '-deferred-', PDB: '', fileVersion: 10.0.19041.3636
C:\Windows\System32\KERNELBASE.dll:KERNELBASE.dll (00007FFBC7E30000), size: 3104768 (result: 0), SymType: '-deferred-', PDB: '', fileVersion: 10.0.19041.3930
C:\Windows\System32\CRYPT32.dll:CRYPT32.dll (00007FFBC8270000), size: 1429504 (result: 0), SymType: '-deferred-', PDB: '', fileVersion: 10.0.19041.3636
C:\Windows\System32\ucrtbase.dll:ucrtbase.dll (00007FFBC7D30000), size: 1048576 (result: 0), SymType: '-deferred-', PDB: '', fileVersion: 10.0.19041.3636
C:\Windows\System32\USER32.dll:USER32.dll (00007FFBCA140000), size: 1695744 (result: 0), SymType: '-deferred-', PDB: '', fileVersion: 10.0.19041.3636
C:\Windows\System32\win32u.dll:win32u.dll (00007FFBC7B00000), size: 139264 (result: 0), SymType: '-deferred-', PDB: '', fileVersion: 10.0.19041.3930
E:\UnityHub\Editor\Unity 2022.2.6f1\Editor\libfbxsdk.dll:libfbxsdk.dll (00007FFB83220000), size: 10108928 (result: 0), SymType: '-deferred-', PDB: '', fileVersion: 2020.3.2.0
E:\UnityHub\Editor\Unity 2022.2.6f1\Editor\s3tcompress.dll:s3tcompress.dll (00007FFBB8980000), size: 180224 (result: 0), SymType: '-deferred-', PDB: ''
E:\UnityHub\Editor\Unity 2022.2.6f1\Editor\etccompress.dll:etccompress.dll (00007FFB82D40000), size: 5066752 (result: 0), SymType: '-deferred-', PDB: ''
C:\Windows\System32\GDI32.dll:GDI32.dll (00007FFBCA390000), size: 180224 (result: 0), SymType: '-deferred-', PDB: '', fileVersion: 10.0.19041.3636
E:\UnityHub\Editor\Unity 2022.2.6f1\Editor\ispc_texcomp.dll:ispc_texcomp.dll (00007FFB93150000), size: 1740800 (result: 0), SymType: '-deferred-', PDB: ''
E:\UnityHub\Editor\Unity 2022.2.6f1\Editor\compress_bc7e.dll:compress_bc7e.dll (00007FFBA1FB0000), size: 1441792 (result: 8), SymType: '-unknown-', PDB: ''
C:\Windows\System32\gdi32full.dll:gdi32full.dll (00007FFBC7B80000), size: 1155072 (result: 8), SymType: '-unknown-', PDB: '', fileVersion: 10.0.19041.3758
E:\UnityHub\Editor\Unity 2022.2.6f1\Editor\FreeImage.dll:FreeImage.dll (0000000180000000), size: 6582272 (result: 0), SymType: '-deferred-', PDB: '', fileVersion: 3.18.0.0
E:\UnityHub\Editor\Unity 2022.2.6f1\Editor\WinPixEventRuntime.dll:WinPixEventRuntime.dll (00007FFBC3910000), size: 45056 (result: 0), SymType: '-deferred-', PDB: '', fileVersion: 1.0.1812.6001
C:\Windows\System32\msvcp_win.dll:msvcp_win.dll (00007FFBC81A0000), size: 643072 (result: 0), SymType: '-deferred-', PDB: '', fileVersion: 10.0.19041.3636
C:\Windows\System32\ADVAPI32.dll:ADVAPI32.dll (00007FFBC9FE0000), size: 733184 (result: 0), SymType: '-deferred-', PDB: '', fileVersion: 10.0.19041.3930
C:\Windows\System32\WS2_32.dll:WS2_32.dll (00007FFBC9E40000), size: 438272 (result: 0), SymType: '-deferred-', PDB: '', fileVersion: 10.0.19041.3636
C:\Windows\System32\msvcrt.dll:msvcrt.dll (00007FFBC97D0000), size: 647168 (result: 0), SymType: '-deferred-', PDB: '', fileVersion: 7.0.19041.3636
E:\UnityHub\Editor\Unity 2022.2.6f1\Editor\umbraoptimizer64.dll:umbraoptimizer64.dll (00007FFBA18E0000), size: 1187840 (result: 0), SymType: '-deferred-', PDB: ''
C:\Windows\System32\sechost.dll:sechost.dll (00007FFBCA0A0000), size: 651264 (result: 0), SymType: '-deferred-', PDB: '', fileVersion: 10.0.19041.3930
C:\Windows\System32\RPCRT4.dll:RPCRT4.dll (00007FFBC9EB0000), size: 1204224 (result: 0), SymType: '-deferred-', PDB: '', fileVersion: 10.0.19041.3758
C:\Windows\System32\bcrypt.dll:bcrypt.dll (00007FFBC8240000), size: 159744 (result: 0), SymType: '-deferred-', PDB: '', fileVersion: 10.0.19041.3636
C:\Windows\System32\SHELL32.dll:SHELL32.dll (00007FFBC8A70000), size: 7622656 (result: 0), SymType: '-deferred-', PDB: '', fileVersion: 10.0.19041.3930
C:\Windows\SYSTEM32\VCRUNTIME140.dll:VCRUNTIME140.dll (00007FFBAD860000), size: 110592 (result: 0), SymType: '-deferred-', PDB: '', fileVersion: 14.36.32532.0
C:\Windows\SYSTEM32\MSVCP140.dll:MSVCP140.dll (00007FFBAD880000), size: 581632 (result: 0), SymType: '-deferred-', PDB: '', fileVersion: 14.36.32532.0
C:\Windows\System32\SHLWAPI.dll:SHLWAPI.dll (00007FFBC8480000), size: 348160 (result: 0), SymType: '-deferred-', PDB: '', fileVersion: 10.0.19041.3636
C:\Windows\System32\ole32.dll:ole32.dll (00007FFBC8940000), size: 1224704 (result: 0), SymType: '-deferred-', PDB: '', fileVersion: 10.0.19041.3636
C:\Windows\System32\combase.dll:combase.dll (00007FFBC84E0000), size: 3489792 (result: 0), SymType: '-deferred-', PDB: '', fileVersion: 10.0.19041.3636
C:\Windows\SYSTEM32\VCRUNTIME140_1.dll:VCRUNTIME140_1.dll (00007FFBAD830000), size: 49152 (result: 0), SymType: '-deferred-', PDB: '', fileVersion: 14.36.32532.0
C:\Windows\System32\IMM32.dll:IMM32.dll (00007FFBCA3C0000), size: 196608 (result: 0), SymType: '-deferred-', PDB: '', fileVersion: 10.0.19041.3636
C:\Windows\System32\SETUPAPI.dll:SETUPAPI.dll (00007FFBC9870000), size: 4644864 (result: 0), SymType: '-deferred-', PDB: '', fileVersion: 10.0.19041.3636
C:\Windows\SYSTEM32\OPENGL32.dll:OPENGL32.dll (00007FFBA1020000), size: 1200128 (result: 0), SymType: '-deferred-', PDB: '', fileVersion: 10.0.19041.3636
C:\Windows\SYSTEM32\GLU32.dll:GLU32.dll (00007FFBB8950000), size: 180224 (result: 0), SymType: '-deferred-', PDB: '', fileVersion: 10.0.19041.3636
C:\Windows\System32\cfgmgr32.dll:cfgmgr32.dll (00007FFBC7B30000), size: 319488 (result: 0), SymType: '-deferred-', PDB: '', fileVersion: 10.0.19041.3636
C:\Windows\SYSTEM32\IPHLPAPI.DLL:IPHLPAPI.DLL (00007FFBC6F30000), size: 241664 (result: 0), SymType: '-deferred-', PDB: '', fileVersion: 10.0.19041.3636
C:\Windows\System32\OLEAUT32.dll:OLEAUT32.dll (00007FFBC9690000), size: 839680 (result: 0), SymType: '-deferred-', PDB: '', fileVersion: 10.0.19041.3636
C:\Windows\System32\WINTRUST.dll:WINTRUST.dll (00007FFBC8130000), size: 421888 (result: 0), SymType: '-deferred-', PDB: '', fileVersion: 10.0.19041.3930
C:\Windows\SYSTEM32\WINHTTP.dll:WINHTTP.dll (00007FFBC0490000), size: 1089536 (result: 0), SymType: '-deferred-', PDB: '', fileVersion: 10.0.19041.3636
C:\Windows\SYSTEM32\WINMM.dll:WINMM.dll (00007FFBBF110000), size: 159744 (result: 0), SymType: '-deferred-', PDB: '', fileVersion: 10.0.19041.3636
C:\Windows\SYSTEM32\HID.DLL:HID.DLL (00007FFBC6350000), size: 53248 (result: 0), SymType: '-deferred-', PDB: '', fileVersion: 10.0.19041.3636
E:\UnityHub\Editor\Unity 2022.2.6f1\Editor\SketchUpAPI.dll:SketchUpAPI.dll (00007FFB7EB60000), size: 9310208 (result: 0), SymType: '-deferred-', PDB: '', fileVersion: 22.1.205.0
C:\Windows\SYSTEM32\dwmapi.dll:dwmapi.dll (00007FFBC56C0000), size: 192512 (result: 0), SymType: '-deferred-', PDB: '', fileVersion: 10.0.19041.3636
C:\Windows\SYSTEM32\VERSION.dll:VERSION.dll (00007FFBC1180000), size: 40960 (result: 0), SymType: '-deferred-', PDB: '', fileVersion: 10.0.19041.3636
C:\Windows\SYSTEM32\WSOCK32.dll:WSOCK32.dll (00007FFBC38C0000), size: 36864 (result: 0), SymType: '-deferred-', PDB: '', fileVersion: 10.0.19041.1
E:\UnityHub\Editor\Unity 2022.2.6f1\Editor\SketchUpCommonPreferences.dll:SketchUpCommonPreferences.dll (00007FFBB88D0000), size: 499712 (result: 0), SymType: '-deferred-', PDB: '', fileVersion: 22.1.205.54
C:\Windows\SYSTEM32\Secur32.dll:Secur32.dll (00007FFBB6BF0000), size: 49152 (result: 0), SymType: '-deferred-', PDB: '', fileVersion: 10.0.19041.3636
C:\Windows\SYSTEM32\SSPICLI.DLL:SSPICLI.DLL (00007FFBC79E0000), size: 204800 (result: 0), SymType: '-deferred-', PDB: '', fileVersion: 10.0.19041.3636
E:\UnityHub\Editor\Unity 2022.2.6f1\Editor\OpenRL.dll:OpenRL.dll (00000201323D0000), size: 12779520 (result: 0), SymType: '-deferred-', PDB: '', fileVersion: 1.5.0.2907
E:\UnityHub\Editor\Unity 2022.2.6f1\Editor\embree.dll:embree.dll (00007FFB7D630000), size: 16711680 (result: 0), SymType: '-deferred-', PDB: '', fileVersion: 2.14.0.0
C:\Windows\SYSTEM32\MSVCR100.dll:MSVCR100.dll (000000006D8F0000), size: 860160 (result: 0), SymType: '-deferred-', PDB: '', fileVersion: 10.0.40219.325
C:\Windows\SYSTEM32\MSVCP100.dll:MSVCP100.dll (000000006C640000), size: 622592 (result: 0), SymType: '-deferred-', PDB: '', fileVersion: 10.0.40219.325
C:\Windows\SYSTEM32\MSWSOCK.DLL:MSWSOCK.DLL (00007FFBC7290000), size: 434176 (result: 0), SymType: '-deferred-', PDB: '', fileVersion: 10.0.19041.3636
E:\UnityHub\Editor\Unity 2022.2.6f1\Editor\tbb.dll:tbb.dll (00007FFBA2480000), size: 413696 (result: 0), SymType: '-deferred-', PDB: '', fileVersion: 2017.0.2016.1004
C:\Windows\SYSTEM32\MSVCR120.dll:MSVCR120.dll (00007FFBA11F0000), size: 978944 (result: 0), SymType: '-deferred-', PDB: '', fileVersion: 12.0.40649.5
C:\Windows\SYSTEM32\MSVCP120.dll:MSVCP120.dll (00007FFBA01F0000), size: 679936 (result: 0), SymType: '-deferred-', PDB: '', fileVersion: 12.0.40649.5
E:\UnityHub\Editor\Unity 2022.2.6f1\Editor\OpenRL_pthread.dll:OpenRL_pthread.dll (00000201322B0000), size: 61440 (result: 8), SymType: '-unknown-', PDB: '', fileVersion: 2.9.0.0
C:\Windows\SYSTEM32\MSASN1.dll:MSASN1.dll (00007FFBC76C0000), size: 73728 (result: 8), SymType: '-unknown-', PDB: '', fileVersion: 10.0.19041.3636
C:\Windows\System32\bcryptprimitives.dll:bcryptprimitives.dll (00007FFBC7CA0000), size: 532480 (result: 8), SymType: '-unknown-', PDB: '', fileVersion: 10.0.19041.3636
C:\Windows\SYSTEM32\kernel.appcore.dll:kernel.appcore.dll (00007FFBC59B0000), size: 73728 (result: 8), SymType: '-unknown-', PDB: '', fileVersion: 10.0.19041.3758
C:\Windows\system32\uxtheme.dll:uxtheme.dll (00007FFBC5440000), size: 647168 (result: 8), SymType: '-unknown-', PDB: '', fileVersion: 10.0.19041.3930
C:\Windows\SYSTEM32\windows.storage.dll:windows.storage.dll (00007FFBC5BB0000), size: 7974912 (result: 8), SymType: '-unknown-', PDB: '', fileVersion: 10.0.19041.3758
C:\Windows\SYSTEM32\Wldp.dll:Wldp.dll (00007FFBC7530000), size: 184320 (result: 8), SymType: '-unknown-', PDB: '', fileVersion: 10.0.19041.3636
C:\Windows\System32\SHCORE.dll:SHCORE.dll (00007FFBCA2E0000), size: 708608 (result: 0), SymType: '-deferred-', PDB: '', fileVersion: 10.0.19041.3636
C:\Windows\SYSTEM32\profapi.dll:profapi.dll (00007FFBC7A30000), size: 151552 (result: 0), SymType: '-deferred-', PDB: '', fileVersion: 10.0.19041.3636
C:\Windows\system32\IconCodecService.dll:IconCodecService.dll (00007FFB9FA90000), size: 36864 (result: 8), SymType: '-unknown-', PDB: '', fileVersion: 10.0.19041.1
C:\Windows\SYSTEM32\WindowsCodecs.dll:WindowsCodecs.dll (00007FFBC0FC0000), size: 1785856 (result: 8), SymType: '-unknown-', PDB: '', fileVersion: 10.0.19041.3636
C:\Windows\System32\clbcatq.dll:clbcatq.dll (00007FFBC95E0000), size: 692224 (result: 8), SymType: '-unknown-', PDB: '', fileVersion: 2001.12.10941.16384
C:\Windows\System32\netprofm.dll:netprofm.dll (00007FFBC3710000), size: 258048 (result: 8), SymType: '-unknown-', PDB: '', fileVersion: 10.0.19041.3636
C:\Windows\System32\npmproxy.dll:npmproxy.dll (00007FFBC0740000), size: 65536 (result: 8), SymType: '-unknown-', PDB: '', fileVersion: 10.0.19041.3636
C:\Windows\System32\NSI.dll:NSI.dll (00007FFBC8930000), size: 32768 (result: 8), SymType: '-unknown-', PDB: '', fileVersion: 10.0.19041.3636
C:\Windows\SYSTEM32\dhcpcsvc6.DLL:dhcpcsvc6.DLL (00007FFBC1820000), size: 94208 (result: 8), SymType: '-unknown-', PDB: '', fileVersion: 10.0.19041.3636
C:\Windows\SYSTEM32\dhcpcsvc.DLL:dhcpcsvc.DLL (00007FFBC1800000), size: 118784 (result: 8), SymType: '-unknown-', PDB: '', fileVersion: 10.0.19041.3636
C:\Windows\SYSTEM32\DNSAPI.dll:DNSAPI.dll (00007FFBC6F70000), size: 827392 (result: 8), SymType: '-unknown-', PDB: '', fileVersion: 10.0.19041.3636
C:\Windows\system32\napinsp.dll:napinsp.dll (00007FFB90120000), size: 94208 (result: 8), SymType: '-unknown-', PDB: '', fileVersion: 10.0.19041.3636
C:\Windows\system32\pnrpnsp.dll:pnrpnsp.dll (00007FFB90100000), size: 110592 (result: 8), SymType: '-unknown-', PDB: '', fileVersion: 10.0.19041.3636
C:\Windows\system32\wshbth.dll:wshbth.dll (00007FFBC2770000), size: 86016 (result: 8), SymType: '-unknown-', PDB: '', fileVersion: 10.0.19041.3636
C:\Windows\system32\NLAapi.dll:NLAapi.dll (00007FFBC3760000), size: 118784 (result: 8), SymType: '-unknown-', PDB: '', fileVersion: 10.0.19041.3636
C:\Windows\System32\winrnr.dll:winrnr.dll (00007FFB900E0000), size: 73728 (result: 8), SymType: '-unknown-', PDB: '', fileVersion: 10.0.19041.3636
C:\Program Files\National Instruments\Shared\mDNS Responder\nimdnsNSP.dll:nimdnsNSP.dll (0000000063560000), size: 36864 (result: 8), SymType: '-unknown-', PDB: '', fileVersion: 215.0.0.49152
C:\Windows\SYSTEM32\nimdnsResponder.dll:nimdnsResponder.dll (0000000063550000), size: 57344 (result: 8), SymType: '-unknown-', PDB: '', fileVersion: 215.0.0.49152
C:\Windows\WinSxS\amd64_microsoft.vc90.crt_1fc8b3b9a1e18e3b_9.0.30729.9625_none_08e1c10da83fbc83\MSVCR90.dll:MSVCR90.dll (000000006D9D0000), size: 667648 (result: 0), SymType: '-deferred-', PDB: '', fileVersion: 9.0.30729.9625
C:\Windows\System32\fwpuclnt.dll:fwpuclnt.dll (00007FFBBD5D0000), size: 524288 (result: 0), SymType: '-deferred-', PDB: '', fileVersion: 10.0.19041.3758
C:\Windows\System32\rasadhlp.dll:rasadhlp.dll (00007FFBC06C0000), size: 40960 (result: 0), SymType: '-deferred-', PDB: '', fileVersion: 10.0.19041.3636
E:\UnityHub\Editor\Unity 2022.2.6f1\Editor\NVUnityPlugin.DLL:NVUnityPlugin.DLL (00007FFB84490000), size: 1536000 (result: 0), SymType: '-deferred-', PDB: ''
E:\UnityHub\Editor\Unity 2022.2.6f1\Editor\Data\Tools\astcenc-avx2.dll:astcenc-avx2.dll (00007FFBA0EA0000), size: 540672 (result: 0), SymType: '-deferred-', PDB: ''
C:\Windows\SYSTEM32\d3d11.dll:d3d11.dll (00007FFBC3A00000), size: 2502656 (result: 0), SymType: '-deferred-', PDB: '', fileVersion: 10.0.19041.3636
C:\Windows\SYSTEM32\dxgi.dll:dxgi.dll (00007FFBC63B0000), size: 995328 (result: 0), SymType: '-deferred-', PDB: '', fileVersion: 10.0.19041.3636
C:\Windows\System32\DriverStore\FileRepository\nvaci.inf_amd64_d08bf1f458ca2ea0\nvldumdx.dll:nvldumdx.dll (00007FFBA0130000), size: 770048 (result: 0), SymType: '-deferred-', PDB: '', fileVersion: 31.0.15.4633
C:\Windows\SYSTEM32\cryptnet.dll:cryptnet.dll (00007FFBC0930000), size: 200704 (result: 0), SymType: '-deferred-', PDB: '', fileVersion: 10.0.19041.3636
C:\Windows\SYSTEM32\drvstore.dll:drvstore.dll (00007FFBC07E0000), size: 1343488 (result: 0), SymType: '-deferred-', PDB: '', fileVersion: 10.0.19041.3636
C:\Windows\SYSTEM32\devobj.dll:devobj.dll (00007FFBC7890000), size: 208896 (result: 0), SymType: '-deferred-', PDB: '', fileVersion: 10.0.19041.3636
C:\Windows\SYSTEM32\cryptbase.dll:cryptbase.dll (00007FFBC7480000), size: 49152 (result: 0), SymType: '-deferred-', PDB: '', fileVersion: 10.0.19041.3636
C:\Windows\System32\imagehlp.dll:imagehlp.dll (00007FFBC9D60000), size: 118784 (result: 0), SymType: '-deferred-', PDB: '', fileVersion: 10.0.19041.3636
C:\Windows\SYSTEM32\CRYPTSP.dll:CRYPTSP.dll (00007FFBC7490000), size: 98304 (result: 0), SymType: '-deferred-', PDB: '', fileVersion: 10.0.19041.3636
C:\Windows\system32\rsaenh.dll:rsaenh.dll (00007FFBC6B50000), size: 212992 (result: 0), SymType: '-deferred-', PDB: '', fileVersion: 10.0.19041.3636
C:\Windows\System32\DriverStore\FileRepository\nvaci.inf_amd64_d08bf1f458ca2ea0\nvgpucomp64.dll:nvgpucomp64.dll (00007FFB6C8B0000), size: 35577856 (result: 0), SymType: '-deferred-', PDB: '', fileVersion: 31.0.15.4633
C:\Windows\System32\DriverStore\FileRepository\nvaci.inf_amd64_d08bf1f458ca2ea0\nvwgf2umx.dll:nvwgf2umx.dll (00007FFB67490000), size: 88178688 (result: 0), SymType: '-deferred-', PDB: '', fileVersion: 31.0.15.4633
C:\Windows\SYSTEM32\powrprof.dll:powrprof.dll (00007FFBC70A0000), size: 307200 (result: 0), SymType: '-deferred-', PDB: '', fileVersion: 10.0.19041.3636
C:\Windows\SYSTEM32\UMPDC.dll:UMPDC.dll (00007FFBC6F10000), size: 73728 (result: 0), SymType: '-deferred-', PDB: ''
C:\Windows\system32\nvspcap64.dll:nvspcap64.dll (00007FFB7BFD0000), size: 2953216 (result: 0), SymType: '-deferred-', PDB: '', fileVersion: 3.27.0.120
C:\Windows\SYSTEM32\ntmarta.dll:ntmarta.dll (00007FFBC6C90000), size: 208896 (result: 0), SymType: '-deferred-', PDB: '', fileVersion: 10.0.19041.3636
C:\Windows\System32\DriverStore\FileRepository\nvaci.inf_amd64_d08bf1f458ca2ea0\Display.NvContainer\MessageBus.dll:MessageBus.dll (00007FFBB9CF0000), size: 7565312 (result: 0), SymType: '-deferred-', PDB: '', fileVersion: 1.22.2758.1620
C:\Windows\SYSTEM32\dxcore.dll:dxcore.dll (00007FFBC06D0000), size: 241664 (result: 0), SymType: '-deferred-', PDB: '', fileVersion: 10.0.19041.3636
C:\Windows\system32\wbem\wbemprox.dll:wbemprox.dll (00007FFBBF3D0000), size: 69632 (result: 0), SymType: '-deferred-', PDB: '', fileVersion: 10.0.19041.3758
C:\Windows\SYSTEM32\wbemcomn.dll:wbemcomn.dll (00007FFBBABA0000), size: 589824 (result: 0), SymType: '-deferred-', PDB: '', fileVersion: 10.0.19041.3636
C:\Windows\system32\wbem\wbemsvc.dll:wbemsvc.dll (00007FFBB9CD0000), size: 81920 (result: 0), SymType: '-deferred-', PDB: '', fileVersion: 10.0.19041.3758
C:\Windows\system32\wbem\fastprox.dll:fastprox.dll (00007FFBBA430000), size: 1093632 (result: 0), SymType: '-deferred-', PDB: '', fileVersion: 10.0.19041.3636
C:\Windows\SYSTEM32\amsi.dll:amsi.dll (00007FFBB9750000), size: 126976 (result: 0), SymType: '-deferred-', PDB: '', fileVersion: 10.0.19041.3636
C:\Windows\SYSTEM32\USERENV.dll:USERENV.dll (00007FFBC79B0000), size: 188416 (result: 0), SymType: '-deferred-', PDB: '', fileVersion: 10.0.19041.3636
C:\ProgramData\Microsoft\Windows Defender\Platform\4.18.23110.3-0\MpOav.dll:MpOav.dll (00007FFBB96D0000), size: 507904 (result: 8), SymType: '-unknown-', PDB: '', fileVersion: 4.18.23110.3
E:\UnityHub\Editor\Unity 2022.2.6f1\Editor\cudart64_90.dll:cudart64_90.dll (00007FFBA1CC0000), size: 397312 (result: 8), SymType: '-unknown-', PDB: '', fileVersion: 6.14.11.9000
C:\Windows\SYSTEM32\opencl.dll:opencl.dll (00007FFB84060000), size: 1490944 (result: 8), SymType: '-unknown-', PDB: '', fileVersion: 3.0.3.0
E:\UnityHub\Editor\Unity 2022.2.6f1\Editor\radeonrays.dll:radeonrays.dll (00007FFB9F6B0000), size: 557056 (result: 0), SymType: '-deferred-', PDB: ''
E:\UnityHub\Editor\Unity 2022.2.6f1\Editor\Data\MonoBleedingEdge\EmbedRuntime\mono-2.0-bdwgc.dll:mono-2.0-bdwgc.dll (00007FFB77EA0000), size: 10690560 (result: 0), SymType: '-deferred-', PDB: ''
C:\Windows\SYSTEM32\dbghelp.dll:dbghelp.dll (00007FFBBB400000), size: 1982464 (result: 0), SymType: '-deferred-', PDB: '', fileVersion: 10.0.19041.3636

========== OUTPUTTING STACK TRACE ==================

SymInit: Symbol-SearchPath: 'E:/UnityHub/Editor/Unity 2022.2.6f1/Editor/Data/Mono;.;G:\_GitHub\HitZombie\HitZombie\HitZombie;G:\_GitHub\HitZombie\HitZombie\HitZombie\Library\BurstCache\JIT;E:\UnityHub\Editor\Unity 2022.2.6f1\Editor;C:\Windows;C:\Windows\system32;', symOptions: 534, UserName: 'kulik'
OS-Version: 10.0.0
E:\UnityHub\Editor\Unity 2022.2.6f1\Editor\Unity.exe:Unity.exe (00007FF70E510000), size: 76697600 (result: -529697949), SymType: '-deferred-', PDB: '', fileVersion: 2022.2.6.49062
  ERROR: LoadModule, GetLastError: 'Unknown error [-529697949]' (Address: 0000000000000000)
C:\Windows\SYSTEM32\ntdll.dll:ntdll.dll (00007FFBCA430000), size: 2064384 (result: 0), SymType: '-nosymbols-', PDB: 'C:\Windows\SYSTEM32\ntdll.dll', fileVersion: 10.0.19041.3636
C:\Windows\System32\KERNEL32.DLL:KERNEL32.DLL (00007FFBC9D80000), size: 774144 (result: 0), SymType: '-nosymbols-', PDB: 'C:\Windows\System32\KERNEL32.DLL', fileVersion: 10.0.19041.3636
C:\Windows\System32\KERNELBASE.dll:KERNELBASE.dll (00007FFBC7E30000), size: 3104768 (result: 0), SymType: '-nosymbols-', PDB: 'C:\Windows\System32\KERNELBASE.dll', fileVersion: 10.0.19041.3930
C:\Windows\System32\CRYPT32.dll:CRYPT32.dll (00007FFBC8270000), size: 1429504 (result: 0), SymType: '-nosymbols-', PDB: 'C:\Windows\System32\CRYPT32.dll', fileVersion: 10.0.19041.3636
C:\Windows\System32\ucrtbase.dll:ucrtbase.dll (00007FFBC7D30000), size: 1048576 (result: 0), SymType: '-nosymbols-', PDB: 'C:\Windows\System32\ucrtbase.dll', fileVersion: 10.0.19041.3636
C:\Windows\System32\USER32.dll:USER32.dll (00007FFBCA140000), size: 1695744 (result: 0), SymType: '-exported-', PDB: 'C:\Windows\System32\USER32.dll', fileVersion: 10.0.19041.3636
C:\Windows\System32\win32u.dll:win32u.dll (00007FFBC7B00000), size: 139264 (result: 0), SymType: '-nosymbols-', PDB: 'C:\Windows\System32\win32u.dll', fileVersion: 10.0.19041.3930
E:\UnityHub\Editor\Unity 2022.2.6f1\Editor\libfbxsdk.dll:libfbxsdk.dll (00007FFB83220000), size: 10108928 (result: 0), SymType: '-nosymbols-', PDB: 'E:\UnityHub\Editor\Unity 2022.2.6f1\Editor\libfbxsdk.dll', fileVersion: 2020.3.2.0
E:\UnityHub\Editor\Unity 2022.2.6f1\Editor\s3tcompress.dll:s3tcompress.dll (00007FFBB8980000), size: 180224 (result: 0), SymType: '-nosymbols-', PDB: 'E:\UnityHub\Editor\Unity 2022.2.6f1\Editor\s3tcompress.dll'
E:\UnityHub\Editor\Unity 2022.2.6f1\Editor\etccompress.dll:etccompress.dll (00007FFB82D40000), size: 5066752 (result: 0), SymType: '-nosymbols-', PDB: 'E:\UnityHub\Editor\Unity 2022.2.6f1\Editor\etccompress.dll'
C:\Windows\System32\GDI32.dll:GDI32.dll (00007FFBCA390000), size: 180224 (result: 0), SymType: '-nosymbols-', PDB: 'C:\Windows\System32\GDI32.dll', fileVersion: 10.0.19041.3636
E:\UnityHub\Editor\Unity 2022.2.6f1\Editor\ispc_texcomp.dll:ispc_texcomp.dll (00007FFB93150000), size: 1740800 (result: 0), SymType: '-nosymbols-', PDB: 'E:\UnityHub\Editor\Unity 2022.2.6f1\Editor\ispc_texcomp.dll'
E:\UnityHub\Editor\Unity 2022.2.6f1\Editor\compress_bc7e.dll:compress_bc7e.dll (00007FFBA1FB0000), size: 1441792 (result: 0), SymType: '-deferred-', PDB: ''
C:\Windows\System32\gdi32full.dll:gdi32full.dll (00007FFBC7B80000), size: 1155072 (result: 0), SymType: '-deferred-', PDB: '', fileVersion: 10.0.19041.3758
E:\UnityHub\Editor\Unity 2022.2.6f1\Editor\FreeImage.dll:FreeImage.dll (0000000180000000), size: 6582272 (result: 0), SymType: '-nosymbols-', PDB: 'E:\UnityHub\Editor\Unity 2022.2.6f1\Editor\FreeImage.dll', fileVersion: 3.18.0.0
E:\UnityHub\Editor\Unity 2022.2.6f1\Editor\WinPixEventRuntime.dll:WinPixEventRuntime.dll (00007FFBC3910000), size: 45056 (result: 0), SymType: '-nosymbols-', PDB: 'E:\UnityHub\Editor\Unity 2022.2.6f1\Editor\WinPixEventRuntime.dll', fileVersion: 1.0.1812.6001
C:\Windows\System32\msvcp_win.dll:msvcp_win.dll (00007FFBC81A0000), size: 643072 (result: 0), SymType: '-nosymbols-', PDB: 'C:\Windows\System32\msvcp_win.dll', fileVersion: 10.0.19041.3636
C:\Windows\System32\ADVAPI32.dll:ADVAPI32.dll (00007FFBC9FE0000), size: 733184 (result: 0), SymType: '-nosymbols-', PDB: 'C:\Windows\System32\ADVAPI32.dll', fileVersion: 10.0.19041.3930
C:\Windows\System32\WS2_32.dll:WS2_32.dll (00007FFBC9E40000), size: 438272 (result: 0), SymType: '-nosymbols-', PDB: 'C:\Windows\System32\WS2_32.dll', fileVersion: 10.0.19041.3636
C:\Windows\System32\msvcrt.dll:msvcrt.dll (00007FFBC97D0000), size: 647168 (result: 0), SymType: '-exported-', PDB: 'C:\Windows\System32\msvcrt.dll', fileVersion: 7.0.19041.3636
E:\UnityHub\Editor\Unity 2022.2.6f1\Editor\umbraoptimizer64.dll:umbraoptimizer64.dll (00007FFBA18E0000), size: 1187840 (result: 0), SymType: '-exported-', PDB: 'E:\UnityHub\Editor\Unity 2022.2.6f1\Editor\umbraoptimizer64.dll'
C:\Windows\System32\sechost.dll:sechost.dll (00007FFBCA0A0000), size: 651264 (result: 0), SymType: '-exported-', PDB: 'C:\Windows\System32\sechost.dll', fileVersion: 10.0.19041.3930
C:\Windows\System32\RPCRT4.dll:RPCRT4.dll (00007FFBC9EB0000), size: 1204224 (result: 0), SymType: '-exported-', PDB: 'C:\Windows\System32\RPCRT4.dll', fileVersion: 10.0.19041.3758
C:\Windows\System32\bcrypt.dll:bcrypt.dll (00007FFBC8240000), size: 159744 (result: 0), SymType: '-exported-', PDB: 'C:\Windows\System32\bcrypt.dll', fileVersion: 10.0.19041.3636
C:\Windows\System32\SHELL32.dll:SHELL32.dll (00007FFBC8A70000), size: 7622656 (result: 0), SymType: '-exported-', PDB: 'C:\Windows\System32\SHELL32.dll', fileVersion: 10.0.19041.3930
C:\Windows\SYSTEM32\VCRUNTIME140.dll:VCRUNTIME140.dll (00007FFBAD860000), size: 110592 (result: 0), SymType: '-exported-', PDB: 'C:\Windows\SYSTEM32\VCRUNTIME140.dll', fileVersion: 14.36.32532.0
C:\Windows\SYSTEM32\MSVCP140.dll:MSVCP140.dll (00007FFBAD880000), size: 581632 (result: 0), SymType: '-exported-', PDB: 'C:\Windows\SYSTEM32\MSVCP140.dll', fileVersion: 14.36.32532.0
C:\Windows\System32\SHLWAPI.dll:SHLWAPI.dll (00007FFBC8480000), size: 348160 (result: 0), SymType: '-exported-', PDB: 'C:\Windows\System32\SHLWAPI.dll', fileVersion: 10.0.19041.3636
C:\Windows\System32\ole32.dll:ole32.dll (00007FFBC8940000), size: 1224704 (result: 0), SymType: '-exported-', PDB: 'C:\Windows\System32\ole32.dll', fileVersion: 10.0.19041.3636
C:\Windows\System32\combase.dll:combase.dll (00007FFBC84E0000), size: 3489792 (result: 0), SymType: '-exported-', PDB: 'C:\Windows\System32\combase.dll', fileVersion: 10.0.19041.3636
C:\Windows\SYSTEM32\VCRUNTIME140_1.dll:VCRUNTIME140_1.dll (00007FFBAD830000), size: 49152 (result: 0), SymType: '-exported-', PDB: 'C:\Windows\SYSTEM32\VCRUNTIME140_1.dll', fileVersion: 14.36.32532.0
C:\Windows\System32\IMM32.dll:IMM32.dll (00007FFBCA3C0000), size: 196608 (result: 0), SymType: '-exported-', PDB: 'C:\Windows\System32\IMM32.dll', fileVersion: 10.0.19041.3636
C:\Windows\System32\SETUPAPI.dll:SETUPAPI.dll (00007FFBC9870000), size: 4644864 (result: 0), SymType: '-exported-', PDB: 'C:\Windows\System32\SETUPAPI.dll', fileVersion: 10.0.19041.3636
C:\Windows\SYSTEM32\OPENGL32.dll:OPENGL32.dll (00007FFBA1020000), size: 1200128 (result: 0), SymType: '-exported-', PDB: 'C:\Windows\SYSTEM32\OPENGL32.dll', fileVersion: 10.0.19041.3636
C:\Windows\SYSTEM32\GLU32.dll:GLU32.dll (00007FFBB8950000), size: 180224 (result: 0), SymType: '-exported-', PDB: 'C:\Windows\SYSTEM32\GLU32.dll', fileVersion: 10.0.19041.3636
C:\Windows\System32\cfgmgr32.dll:cfgmgr32.dll (00007FFBC7B30000), size: 319488 (result: 0), SymType: '-exported-', PDB: 'C:\Windows\System32\cfgmgr32.dll', fileVersion: 10.0.19041.3636
C:\Windows\SYSTEM32\IPHLPAPI.DLL:IPHLPAPI.DLL (00007FFBC6F30000), size: 241664 (result: 0), SymType: '-exported-', PDB: 'C:\Windows\SYSTEM32\IPHLPAPI.DLL', fileVersion: 10.0.19041.3636
C:\Windows\System32\OLEAUT32.dll:OLEAUT32.dll (00007FFBC9690000), size: 839680 (result: 0), SymType: '-exported-', PDB: 'C:\Windows\System32\OLEAUT32.dll', fileVersion: 10.0.19041.3636
C:\Windows\System32\WINTRUST.dll:WINTRUST.dll (00007FFBC8130000), size: 421888 (result: 0), SymType: '-exported-', PDB: 'C:\Windows\System32\WINTRUST.dll', fileVersion: 10.0.19041.3930
C:\Windows\SYSTEM32\WINHTTP.dll:WINHTTP.dll (00007FFBC0490000), size: 1089536 (result: 0), SymType: '-exported-', PDB: 'C:\Windows\SYSTEM32\WINHTTP.dll', fileVersion: 10.0.19041.3636
C:\Windows\SYSTEM32\WINMM.dll:WINMM.dll (00007FFBBF110000), size: 159744 (result: 0), SymType: '-exported-', PDB: 'C:\Windows\SYSTEM32\WINMM.dll', fileVersion: 10.0.19041.3636
C:\Windows\SYSTEM32\HID.DLL:HID.DLL (00007FFBC6350000), size: 53248 (result: 0), SymType: '-exported-', PDB: 'C:\Windows\SYSTEM32\HID.DLL', fileVersion: 10.0.19041.3636
E:\UnityHub\Editor\Unity 2022.2.6f1\Editor\SketchUpAPI.dll:SketchUpAPI.dll (00007FFB7EB60000), size: 9310208 (result: 0), SymType: '-exported-', PDB: 'E:\UnityHub\Editor\Unity 2022.2.6f1\Editor\SketchUpAPI.dll', fileVersion: 22.1.205.0
C:\Windows\SYSTEM32\dwmapi.dll:dwmapi.dll (00007FFBC56C0000), size: 192512 (result: 0), SymType: '-exported-', PDB: 'C:\Windows\SYSTEM32\dwmapi.dll', fileVersion: 10.0.19041.3636
C:\Windows\SYSTEM32\VERSION.dll:VERSION.dll (00007FFBC1180000), size: 40960 (result: 0), SymType: '-exported-', PDB: 'C:\Windows\SYSTEM32\VERSION.dll', fileVersion: 10.0.19041.3636
C:\Windows\SYSTEM32\WSOCK32.dll:WSOCK32.dll (00007FFBC38C0000), size: 36864 (result: 0), SymType: '-exported-', PDB: 'C:\Windows\SYSTEM32\WSOCK32.dll', fileVersion: 10.0.19041.1
E:\UnityHub\Editor\Unity 2022.2.6f1\Editor\SketchUpCommonPreferences.dll:SketchUpCommonPreferences.dll (00007FFBB88D0000), size: 499712 (result: 0), SymType: '-exported-', PDB: 'E:\UnityHub\Editor\Unity 2022.2.6f1\Editor\SketchUpCommonPreferences.dll', fileVersion: 22.1.205.54
C:\Windows\SYSTEM32\Secur32.dll:Secur32.dll (00007FFBB6BF0000), size: 49152 (result: 0), SymType: '-exported-', PDB: 'C:\Windows\SYSTEM32\Secur32.dll', fileVersion: 10.0.19041.3636
C:\Windows\SYSTEM32\SSPICLI.DLL:SSPICLI.DLL (00007FFBC79E0000), size: 204800 (result: 0), SymType: '-exported-', PDB: 'C:\Windows\SYSTEM32\SSPICLI.DLL', fileVersion: 10.0.19041.3636
E:\UnityHub\Editor\Unity 2022.2.6f1\Editor\OpenRL.dll:OpenRL.dll (00000201323D0000), size: 12779520 (result: 0), SymType: '-exported-', PDB: 'E:\UnityHub\Editor\Unity 2022.2.6f1\Editor\OpenRL.dll', fileVersion: 1.5.0.2907
E:\UnityHub\Editor\Unity 2022.2.6f1\Editor\embree.dll:embree.dll (00007FFB7D630000), size: 16711680 (result: 0), SymType: '-exported-', PDB: 'E:\UnityHub\Editor\Unity 2022.2.6f1\Editor\embree.dll', fileVersion: 2.14.0.0
C:\Windows\SYSTEM32\MSVCR100.dll:MSVCR100.dll (000000006D8F0000), size: 860160 (result: 0), SymType: '-exported-', PDB: 'C:\Windows\SYSTEM32\MSVCR100.dll', fileVersion: 10.0.40219.325
C:\Windows\SYSTEM32\MSVCP100.dll:MSVCP100.dll (000000006C640000), size: 622592 (result: 0), SymType: '-exported-', PDB: 'C:\Windows\SYSTEM32\MSVCP100.dll', fileVersion: 10.0.40219.325
C:\Windows\SYSTEM32\MSWSOCK.DLL:MSWSOCK.DLL (00007FFBC7290000), size: 434176 (result: 0), SymType: '-exported-', PDB: 'C:\Windows\SYSTEM32\MSWSOCK.DLL', fileVersion: 10.0.19041.3636
E:\UnityHub\Editor\Unity 2022.2.6f1\Editor\tbb.dll:tbb.dll (00007FFBA2480000), size: 413696 (result: 0), SymType: '-exported-', PDB: 'E:\UnityHub\Editor\Unity 2022.2.6f1\Editor\tbb.dll', fileVersion: 2017.0.2016.1004
C:\Windows\SYSTEM32\MSVCR120.dll:MSVCR120.dll (00007FFBA11F0000), size: 978944 (result: 0), SymType: '-exported-', PDB: 'C:\Windows\SYSTEM32\MSVCR120.dll', fileVersion: 12.0.40649.5
C:\Windows\SYSTEM32\MSVCP120.dll:MSVCP120.dll (00007FFBA01F0000), size: 679936 (result: 0), SymType: '-exported-', PDB: 'C:\Windows\SYSTEM32\MSVCP120.dll', fileVersion: 12.0.40649.5
E:\UnityHub\Editor\Unity 2022.2.6f1\Editor\OpenRL_pthread.dll:OpenRL_pthread.dll (00000201322B0000), size: 61440 (result: 0), SymType: '-deferred-', PDB: '', fileVersion: 2.9.0.0
C:\Windows\SYSTEM32\MSASN1.dll:MSASN1.dll (00007FFBC76C0000), size: 73728 (result: 0), SymType: '-deferred-', PDB: '', fileVersion: 10.0.19041.3636
C:\Windows\System32\bcryptprimitives.dll:bcryptprimitives.dll (00007FFBC7CA0000), size: 532480 (result: 0), SymType: '-deferred-', PDB: '', fileVersion: 10.0.19041.3636
C:\Windows\SYSTEM32\kernel.appcore.dll:kernel.appcore.dll (00007FFBC59B0000), size: 73728 (result: 0), SymType: '-deferred-', PDB: '', fileVersion: 10.0.19041.3758
C:\Windows\system32\uxtheme.dll:uxtheme.dll (00007FFBC5440000), size: 647168 (result: 0), SymType: '-deferred-', PDB: '', fileVersion: 10.0.19041.3930
C:\Windows\SYSTEM32\windows.storage.dll:windows.storage.dll (00007FFBC5BB0000), size: 7974912 (result: 0), SymType: '-deferred-', PDB: '', fileVersion: 10.0.19041.3758
C:\Windows\SYSTEM32\Wldp.dll:Wldp.dll (00007FFBC7530000), size: 184320 (result: 0), SymType: '-deferred-', PDB: '', fileVersion: 10.0.19041.3636
C:\Windows\System32\SHCORE.dll:SHCORE.dll (00007FFBCA2E0000), size: 708608 (result: 0), SymType: '-exported-', PDB: 'C:\Windows\System32\SHCORE.dll', fileVersion: 10.0.19041.3636
C:\Windows\SYSTEM32\profapi.dll:profapi.dll (00007FFBC7A30000), size: 151552 (result: 0), SymType: '-nosymbols-', PDB: 'C:\Windows\SYSTEM32\profapi.dll', fileVersion: 10.0.19041.3636
C:\Windows\system32\IconCodecService.dll:IconCodecService.dll (00007FFB9FA90000), size: 36864 (result: 0), SymType: '-deferred-', PDB: '', fileVersion: 10.0.19041.1
C:\Windows\SYSTEM32\WindowsCodecs.dll:WindowsCodecs.dll (00007FFBC0FC0000), size: 1785856 (result: 0), SymType: '-deferred-', PDB: '', fileVersion: 10.0.19041.3636
C:\Windows\System32\clbcatq.dll:clbcatq.dll (00007FFBC95E0000), size: 692224 (result: 0), SymType: '-deferred-', PDB: '', fileVersion: 2001.12.10941.16384
C:\Windows\System32\netprofm.dll:netprofm.dll (00007FFBC3710000), size: 258048 (result: 0), SymType: '-deferred-', PDB: '', fileVersion: 10.0.19041.3636
C:\Windows\System32\npmproxy.dll:npmproxy.dll (00007FFBC0740000), size: 65536 (result: 0), SymType: '-deferred-', PDB: '', fileVersion: 10.0.19041.3636
C:\Windows\System32\NSI.dll:NSI.dll (00007FFBC8930000), size: 32768 (result: 0), SymType: '-deferred-', PDB: '', fileVersion: 10.0.19041.3636
C:\Windows\SYSTEM32\dhcpcsvc6.DLL:dhcpcsvc6.DLL (00007FFBC1820000), size: 94208 (result: 0), SymType: '-deferred-', PDB: '', fileVersion: 10.0.19041.3636
C:\Windows\SYSTEM32\dhcpcsvc.DLL:dhcpcsvc.DLL (00007FFBC1800000), size: 118784 (result: 0), SymType: '-deferred-', PDB: '', fileVersion: 10.0.19041.3636
C:\Windows\SYSTEM32\DNSAPI.dll:DNSAPI.dll (00007FFBC6F70000), size: 827392 (result: 0), SymType: '-deferred-', PDB: '', fileVersion: 10.0.19041.3636
C:\Windows\system32\napinsp.dll:napinsp.dll (00007FFB90120000), size: 94208 (result: 0), SymType: '-deferred-', PDB: '', fileVersion: 10.0.19041.3636
C:\Windows\system32\pnrpnsp.dll:pnrpnsp.dll (00007FFB90100000), size: 110592 (result: 0), SymType: '-deferred-', PDB: '', fileVersion: 10.0.19041.3636
C:\Windows\system32\wshbth.dll:wshbth.dll (00007FFBC2770000), size: 86016 (result: 0), SymType: '-deferred-', PDB: '', fileVersion: 10.0.19041.3636
C:\Windows\system32\NLAapi.dll:NLAapi.dll (00007FFBC3760000), size: 118784 (result: 0), SymType: '-deferred-', PDB: '', fileVersion: 10.0.19041.3636
C:\Windows\System32\winrnr.dll:winrnr.dll (00007FFB900E0000), size: 73728 (result: 0), SymType: '-deferred-', PDB: '', fileVersion: 10.0.19041.3636
C:\Program Files\National Instruments\Shared\mDNS Responder\nimdnsNSP.dll:nimdnsNSP.dll (0000000063560000), size: 36864 (result: 0), SymType: '-deferred-', PDB: '', fileVersion: 215.0.0.49152
C:\Windows\SYSTEM32\nimdnsResponder.dll:nimdnsResponder.dll (0000000063550000), size: 57344 (result: 0), SymType: '-deferred-', PDB: '', fileVersion: 215.0.0.49152
C:\Windows\WinSxS\amd64_microsoft.vc90.crt_1fc8b3b9a1e18e3b_9.0.30729.9625_none_08e1c10da83fbc83\MSVCR90.dll:MSVCR90.dll (000000006D9D0000), size: 667648 (result: 0), SymType: '-exported-', PDB: 'C:\Windows\WinSxS\amd64_microsoft.vc90.crt_1fc8b3b9a1e18e3b_9.0.30729.9625_none_08e1c10da83fbc83\MSVCR90.dll', fileVersion: 9.0.30729.9625
C:\Windows\System32\fwpuclnt.dll:fwpuclnt.dll (00007FFBBD5D0000), size: 524288 (result: 0), SymType: '-exported-', PDB: 'C:\Windows\System32\fwpuclnt.dll', fileVersion: 10.0.19041.3758
C:\Windows\System32\rasadhlp.dll:rasadhlp.dll (00007FFBC06C0000), size: 40960 (result: 0), SymType: '-exported-', PDB: 'C:\Windows\System32\rasadhlp.dll', fileVersion: 10.0.19041.3636
E:\UnityHub\Editor\Unity 2022.2.6f1\Editor\NVUnityPlugin.DLL:NVUnityPlugin.DLL (00007FFB84490000), size: 1536000 (result: 0), SymType: '-exported-', PDB: 'E:\UnityHub\Editor\Unity 2022.2.6f1\Editor\NVUnityPlugin.DLL'
E:\UnityHub\Editor\Unity 2022.2.6f1\Editor\Data\Tools\astcenc-avx2.dll:astcenc-avx2.dll (00007FFBA0EA0000), size: 540672 (result: 0), SymType: '-exported-', PDB: 'E:\UnityHub\Editor\Unity 2022.2.6f1\Editor\Data\Tools\astcenc-avx2.dll'
C:\Windows\SYSTEM32\d3d11.dll:d3d11.dll (00007FFBC3A00000), size: 2502656 (result: 0), SymType: '-exported-', PDB: 'C:\Windows\SYSTEM32\d3d11.dll', fileVersion: 10.0.19041.3636
C:\Windows\SYSTEM32\dxgi.dll:dxgi.dll (00007FFBC63B0000), size: 995328 (result: 0), SymType: '-exported-', PDB: 'C:\Windows\SYSTEM32\dxgi.dll', fileVersion: 10.0.19041.3636
C:\Windows\System32\DriverStore\FileRepository\nvaci.inf_amd64_d08bf1f458ca2ea0\nvldumdx.dll:nvldumdx.dll (00007FFBA0130000), size: 770048 (result: 0), SymType: '-exported-', PDB: 'C:\Windows\System32\DriverStore\FileRepository\nvaci.inf_amd64_d08bf1f458ca2ea0\nvldumdx.dll', fileVersion: 31.0.15.4633
C:\Windows\SYSTEM32\cryptnet.dll:cryptnet.dll (00007FFBC0930000), size: 200704 (result: 0), SymType: '-exported-', PDB: 'C:\Windows\SYSTEM32\cryptnet.dll', fileVersion: 10.0.19041.3636
C:\Windows\SYSTEM32\drvstore.dll:drvstore.dll (00007FFBC07E0000), size: 1343488 (result: 0), SymType: '-exported-', PDB: 'C:\Windows\SYSTEM32\drvstore.dll', fileVersion: 10.0.19041.3636
C:\Windows\SYSTEM32\devobj.dll:devobj.dll (00007FFBC7890000), size: 208896 (result: 0), SymType: '-exported-', PDB: 'C:\Windows\SYSTEM32\devobj.dll', fileVersion: 10.0.19041.3636
C:\Windows\SYSTEM32\cryptbase.dll:cryptbase.dll (00007FFBC7480000), size: 49152 (result: 0), SymType: '-exported-', PDB: 'C:\Windows\SYSTEM32\cryptbase.dll', fileVersion: 10.0.19041.3636
C:\Windows\System32\imagehlp.dll:imagehlp.dll (00007FFBC9D60000), size: 118784 (result: 0), SymType: '-exported-', PDB: 'C:\Windows\System32\imagehlp.dll', fileVersion: 10.0.19041.3636
C:\Windows\SYSTEM32\CRYPTSP.dll:CRYPTSP.dll (00007FFBC7490000), size: 98304 (result: 0), SymType: '-exported-', PDB: 'C:\Windows\SYSTEM32\CRYPTSP.dll', fileVersion: 10.0.19041.3636
C:\Windows\system32\rsaenh.dll:rsaenh.dll (00007FFBC6B50000), size: 212992 (result: 0), SymType: '-exported-', PDB: 'C:\Windows\system32\rsaenh.dll', fileVersion: 10.0.19041.3636
C:\Windows\System32\DriverStore\FileRepository\nvaci.inf_amd64_d08bf1f458ca2ea0\nvgpucomp64.dll:nvgpucomp64.dll (00007FFB6C8B0000), size: 35577856 (result: 0), SymType: '-exported-', PDB: 'C:\Windows\System32\DriverStore\FileRepository\nvaci.inf_amd64_d08bf1f458ca2ea0\nvgpucomp64.dll', fileVersion: 31.0.15.4633
C:\Windows\System32\DriverStore\FileRepository\nvaci.inf_amd64_d08bf1f458ca2ea0\nvwgf2umx.dll:nvwgf2umx.dll (00007FFB67490000), size: 88178688 (result: 0), SymType: '-exported-', PDB: 'C:\Windows\System32\DriverStore\FileRepository\nvaci.inf_amd64_d08bf1f458ca2ea0\nvwgf2umx.dll', fileVersion: 31.0.15.4633
C:\Windows\SYSTEM32\powrprof.dll:powrprof.dll (00007FFBC70A0000), size: 307200 (result: 0), SymType: '-exported-', PDB: 'C:\Windows\SYSTEM32\powrprof.dll', fileVersion: 10.0.19041.3636
C:\Windows\SYSTEM32\UMPDC.dll:UMPDC.dll (00007FFBC6F10000), size: 73728 (result: 0), SymType: '-exported-', PDB: 'C:\Windows\SYSTEM32\UMPDC.dll'
C:\Windows\system32\nvspcap64.dll:nvspcap64.dll (00007FFB7BFD0000), size: 2953216 (result: 0), SymType: '-exported-', PDB: 'C:\Windows\system32\nvspcap64.dll', fileVersion: 3.27.0.120
C:\Windows\SYSTEM32\ntmarta.dll:ntmarta.dll (00007FFBC6C90000), size: 208896 (result: 0), SymType: '-exported-', PDB: 'C:\Windows\SYSTEM32\ntmarta.dll', fileVersion: 10.0.19041.3636
C:\Windows\System32\DriverStore\FileRepository\nvaci.inf_amd64_d08bf1f458ca2ea0\Display.NvContainer\MessageBus.dll:MessageBus.dll (00007FFBB9CF0000), size: 7565312 (result: 0), SymType: '-exported-', PDB: 'C:\Windows\System32\DriverStore\FileRepository\nvaci.inf_amd64_d08bf1f458ca2ea0\Display.NvContainer\MessageBus.dll', fileVersion: 1.22.2758.1620
C:\Windows\SYSTEM32\dxcore.dll:dxcore.dll (00007FFBC06D0000), size: 241664 (result: 0), SymType: '-exported-', PDB: 'C:\Windows\SYSTEM32\dxcore.dll', fileVersion: 10.0.19041.3636
C:\Windows\system32\wbem\wbemprox.dll:wbemprox.dll (00007FFBBF3D0000), size: 69632 (result: 0), SymType: '-exported-', PDB: 'C:\Windows\system32\wbem\wbemprox.dll', fileVersion: 10.0.19041.3758
C:\Windows\SYSTEM32\wbemcomn.dll:wbemcomn.dll (00007FFBBABA0000), size: 589824 (result: 0), SymType: '-exported-', PDB: 'C:\Windows\SYSTEM32\wbemcomn.dll', fileVersion: 10.0.19041.3636
C:\Windows\system32\wbem\wbemsvc.dll:wbemsvc.dll (00007FFBB9CD0000), size: 81920 (result: 0), SymType: '-exported-', PDB: 'C:\Windows\system32\wbem\wbemsvc.dll', fileVersion: 10.0.19041.3758
C:\Windows\system32\wbem\fastprox.dll:fastprox.dll (00007FFBBA430000), size: 1093632 (result: 0), SymType: '-exported-', PDB: 'C:\Windows\system32\wbem\fastprox.dll', fileVersion: 10.0.19041.3636
C:\Windows\SYSTEM32\amsi.dll:amsi.dll (00007FFBB9750000), size: 126976 (result: 0), SymType: '-exported-', PDB: 'C:\Windows\SYSTEM32\amsi.dll', fileVersion: 10.0.19041.3636
C:\Windows\SYSTEM32\USERENV.dll:USERENV.dll (00007FFBC79B0000), size: 188416 (result: 0), SymType: '-exported-', PDB: 'C:\Windows\SYSTEM32\USERENV.dll', fileVersion: 10.0.19041.3636
C:\ProgramData\Microsoft\Windows Defender\Platform\4.18.23110.3-0\MpOav.dll:MpOav.dll (00007FFBB96D0000), size: 507904 (result: 0), SymType: '-deferred-', PDB: '', fileVersion: 4.18.23110.3
E:\UnityHub\Editor\Unity 2022.2.6f1\Editor\cudart64_90.dll:cudart64_90.dll (00007FFBA1CC0000), size: 397312 (result: 0), SymType: '-deferred-', PDB: '', fileVersion: 6.14.11.9000
C:\Windows\SYSTEM32\opencl.dll:opencl.dll (00007FFB84060000), size: 1490944 (result: 0), SymType: '-deferred-', PDB: '', fileVersion: 3.0.3.0
E:\UnityHub\Editor\Unity 2022.2.6f1\Editor\radeonrays.dll:radeonrays.dll (00007FFB9F6B0000), size: 557056 (result: 0), SymType: '-exported-', PDB: 'E:\UnityHub\Editor\Unity 2022.2.6f1\Editor\radeonrays.dll'
E:\UnityHub\Editor\Unity 2022.2.6f1\Editor\Data\MonoBleedingEdge\EmbedRuntime\mono-2.0-bdwgc.dll:mono-2.0-bdwgc.dll (00007FFB77EA0000), size: 10690560 (result: 0), SymType: 'PDB', PDB: 'E:\UnityHub\Editor\Unity 2022.2.6f1\Editor\mono-2.0-bdwgc.pdb'
C:\Windows\SYSTEM32\dbghelp.dll:dbghelp.dll (00007FFBBB400000), size: 1982464 (result: 0), SymType: '-exported-', PDB: 'C:\Windows\SYSTEM32\dbghelp.dll', fileVersion: 10.0.19041.3636
C:\Windows\System32\psapi.dll:psapi.dll (00007FFBC8840000), size: 32768 (result: 0), SymType: '-deferred-', PDB: '', fileVersion: 10.0.19041.3636
  ERROR: SymGetSymFromAddr64, GetLastError: 'Попытка обращения к неверному адресу.' (Address: 00007FFBC7E5CF19)
0x00007FFBC7E5CF19 (KERNELBASE) (function-name not available)
0x00007FFB77F1064C (mono-2.0-bdwgc) [C:\build\output\Unity-Technologies\mono\mono\utils\mono-log-common.c:143] mono_log_write_logfile 
0x00007FFB77EFC4A2 (mono-2.0-bdwgc) [C:\build\output\Unity-Technologies\mono\mono\eglib\goutput.c:172] monoeg_g_logv_nofree 
0x00007FFB77EFC508 (mono-2.0-bdwgc) [C:\build\output\Unity-Technologies\mono\mono\eglib\goutput.c:187] monoeg_g_log 
0x00007FFB78016D23 (mono-2.0-bdwgc) [C:\build\output\Unity-Technologies\mono\mono\metadata\mempool.c:297] mono_mempool_alloc 
0x00007FFB77FE4FF5 (mono-2.0-bdwgc) [C:\build\output\Unity-Technologies\mono\mono\metadata\image.c:3367] mono_image_alloc0 
0x00007FFB77F6495F (mono-2.0-bdwgc) [C:\build\output\Unity-Technologies\mono\mono\metadata\class-init.c:465] mono_class_create_from_typedef 
0x00007FFB77F5B4E4 (mono-2.0-bdwgc) [C:\build\output\Unity-Technologies\mono\mono\metadata\class.c:2872] mono_class_get_checked 
0x00007FFB7810B053 (mono-2.0-bdwgc) [C:\build\output\Unity-Technologies\mono\mono\metadata\unity-utils.c:1267] mono_unity_class_get 
0x00007FF70F5F75D1 (Unity) scripting_image_get_class
0x00007FF70F598B82 (Unity) ScanAssemblyForAttributesAndInterfaceImplementations
0x00007FF70F599960 (Unity) ScanForAttributesAndInterfaceImplementations
0x00007FF70F5CD09E (Unity) MonoManager::SetupTypeCache
0x00007FF70F5C75B5 (Unity) MonoManager::LoadAllAssembliesAndSetupDomain
0x00007FF70F5CA327 (Unity) MonoManager::ReloadAssembly
0x00007FF7105454CE (Unity) LoadUnityMonoAssemblies
0x00007FF71020BA2B (Unity) Application::InitializeProject
0x00007FF7106A6DE5 (Unity) WinMain
0x00007FF711A71CBE (Unity) __scrt_common_main_seh
  ERROR: SymGetSymFromAddr64, GetLastError: 'Попытка обращения к неверному адресу.' (Address: 00007FFBC9D97344)
0x00007FFBC9D97344 (KERNEL32) (function-name not available)
  ERROR: SymGetSymFromAddr64, GetLastError: 'Попытка обращения к неверному адресу.' (Address: 00007FFBCA4826B1)
0x00007FFBCA4826B1 (ntdll) (function-name not available)

========== END OF STACKTRACE ===========

A crash has been intercepted by the crash handler. For call stack and other details, see the latest crash report generated in:
 * C:/Users/kulik/AppData/Local/Temp/Unity/Editor/Crashes
