Using pre-set license
Built from '2022.2/staging' branch; Version is '2022.2.6f1 (10bfa6201ced) revision 1097638'; Using compiler version '192829333'; Build Type 'Release'
OS: 'Windows 10  (10.0.19045) 64bit Professional' Language: 'ru' Physical Memory: 7549 MB
BatchMode: 1, IsHumanControllingUs: 0, StartBugReporterOnCrash: 0, Is64bit: 1, IsPro: 1

COMMAND LINE ARGUMENTS:
E:\UnityHub\Editor\Unity 2022.2.6f1\Editor\Unity.exe
-adb2
-batchMode
-noUpm
-name
AssetImportWorker1
-projectPath
G:/_GitHub/HitZombie/HitZombie/HitZombie
-logFile
Logs/AssetImportWorker1.log
-srvPort
56938
Successfully changed project path to: G:/_GitHub/HitZombie/HitZombie/HitZombie
G:/_GitHub/HitZombie/HitZombie/HitZombie
[UnityMemory] Configuration Parameters - Can be set up in boot.config
    "memorysetup-bucket-allocator-granularity=16"
    "memorysetup-bucket-allocator-bucket-count=8"
    "memorysetup-bucket-allocator-block-size=33554432"
    "memorysetup-bucket-allocator-block-count=8"
    "memorysetup-main-allocator-block-size=16777216"
    "memorysetup-thread-allocator-block-size=16777216"
    "memorysetup-gfx-main-allocator-block-size=16777216"
    "memorysetup-gfx-thread-allocator-block-size=16777216"
    "memorysetup-cache-allocator-block-size=4194304"
    "memorysetup-typetree-allocator-block-size=2097152"
    "memorysetup-profiler-bucket-allocator-granularity=16"
    "memorysetup-profiler-bucket-allocator-bucket-count=8"
    "memorysetup-profiler-bucket-allocator-block-size=33554432"
    "memorysetup-profiler-bucket-allocator-block-count=8"
    "memorysetup-profiler-allocator-block-size=16777216"
    "memorysetup-profiler-editor-allocator-block-size=1048576"
    "memorysetup-temp-allocator-size-main=16777216"
    "memorysetup-job-temp-allocator-block-size=2097152"
    "memorysetup-job-temp-allocator-block-size-background=1048576"
    "memorysetup-job-temp-allocator-reduction-small-platforms=262144"
    "memorysetup-temp-allocator-size-background-worker=32768"
    "memorysetup-temp-allocator-size-job-worker=262144"
    "memorysetup-temp-allocator-size-preload-manager=33554432"
    "memorysetup-temp-allocator-size-nav-mesh-worker=65536"
    "memorysetup-temp-allocator-size-audio-worker=65536"
    "memorysetup-temp-allocator-size-cloud-worker=32768"
    "memorysetup-temp-allocator-size-gi-baking-worker=262144"
    "memorysetup-temp-allocator-size-gfx=262144"
Player connection [8524] Host "[IP] 192.168.56.1 [Port] 0 [Flags] 2 [Guid] 2901696755 [EditorId] 2901696755 [Version] 1048832 [Id] WindowsEditor(7,DESKTOP-4NQ24QL) [Debug] 1 [PackageName] WindowsEditor [ProjectName] Editor" joined multi-casting on [225.0.0.222:54997]...

Player connection [8524] Host "[IP] 192.168.56.1 [Port] 0 [Flags] 2 [Guid] 2901696755 [EditorId] 2901696755 [Version] 1048832 [Id] WindowsEditor(7,DESKTOP-4NQ24QL) [Debug] 1 [PackageName] WindowsEditor [ProjectName] Editor" joined alternative multi-casting on [225.0.0.222:34997]...

Refreshing native plugins compatible for Editor in 10.00 ms, found 3 plugins.
Preloading 0 native plugins for Editor in 0.00 ms.
Initialize engine version: 2022.2.6f1 (10bfa6201ced)
[Subsystems] Discovering subsystems at path E:/UnityHub/Editor/Unity 2022.2.6f1/Editor/Data/Resources/UnitySubsystems
[Subsystems] Discovering subsystems at path G:/_GitHub/HitZombie/HitZombie/HitZombie/Assets
GfxDevice: creating device client; threaded=0; jobified=0
Direct3D:
    Version:  Direct3D 11.0 [level 11.1]
    Renderer: NVIDIA GeForce GTX 1650 Ti (ID=0x1f95)
    Vendor:   NVIDIA
    VRAM:     3950 MB
    Driver:   31.0.15.4633
received signal from system: SIGSEGV
Obtained 42 stack frames
0x00007ff70f6cf28d (Unity) 
0x00007ff70f6d4239 (Unity) 
0x00007ff71069bb01 (Unity) 
0x00007ff70f6d3686 (Unity) 
0x00007ff70f6ceabc (Unity) 
0x00007ff711acad28 (Unity) 
0x00007ff711b8ef48 (Unity) 
0x00007ff711a94350 (Unity) 
0x00007ffbca4d23af (ntdll) 
0x00007ffbca4814b4 (ntdll) 
0x00007ffbca4d0ebe (ntdll) 
0x00007ff70eefabf0 (Unity) 
0x00007ff70eef9968 (Unity) 
0x00007ff70ef070f4 (Unity) 
0x00007ff70eefa081 (Unity) 
0x00007ff70ef041ce (Unity) 
0x00007ff70e7e2a87 (Unity) 
0x00007ff70ee95c80 (Unity) 
0x00007ff70eeba130 (Unity) 
0x00007ff710d84ccd (Unity) 
0x00007ff710d88bfb (Unity) 
0x00007ff710d84bd3 (Unity) 
0x00007ff710db6dfa ((<unknown>)) 
0x00007ff710dd83a5 ((<unknown>)) 
0x00007ff70f69d699 ((<unknown>)) 
0x00007ff70f69cec6 ((<unknown>)) 
0x00007ff70f681a05 ((<unknown>)) 
0x00007ff70f682111 (Unity) 
0x00007ff70f681ecc (Unity) 
0x00007ff70f39bcc4 ((<unknown>)) 
0x00007ff70f6ab46f ((<unknown>)) 
0x00007ff70f6ac16c ((<unknown>)) 
0x00007ff70f6ac2d3 ((<unknown>)) 
0x00007ff70f67d222 ((<unknown>)) 
0x00007ff70f67dc9b ((<unknown>)) 
0x00007ff7100943d5 ((<unknown>)) 
0x00007ff70f270e7e ((<unknown>)) 
0x00007ff71020afcd ((<unknown>)) 
0x00007ff7106a6de5 ((<unknown>)) 
0x00007ff711a71cbe ((<unknown>)) 
0x00007ffbc9d97344 ((<unknown>)) 
0x00007ffbca4826b1 ((<unknown>)) 

Crash!!!

========== OUTPUTTING STACK TRACE ==================


========== END OF STACKTRACE ===========

A crash has been intercepted by the crash handler. For call stack and other details, see the latest crash report generated in:
 * C:/Users/kulik/AppData/Local/Temp/Unity/Editor/Crashes
